2023-09-11 11:19:07,507 - utils.py[line:127] - INFO: 没有从issue内容中找到编号为【5】的赛题
2023-09-11 11:19:09,551 - utils.py[line:286] - INFO: Tomoko-hjf 报名赛题 [1]
2023-09-11 11:19:09,552 - utils.py[line:286] - INFO: Tomoko-hjf 报名赛题 [2, 3]
2023-09-11 11:19:09,552 - utils.py[line:286] - INFO: gouzil 报名赛题 [2]
2023-09-11 11:19:09,553 - utils.py[line:286] - INFO: Tomoko-hjf 报名赛题 [5]
2023-09-11 11:19:10,902 - utils.py[line:169] - ERROR: @Tomoko-hjf 报名赛题编号【5】错误：
2023-09-11 11:19:10,903 - utils.py[line:286] - INFO: Tomoko-hjf 报名赛题 [8]
2023-09-11 11:19:12,361 - utils.py[line:169] - ERROR: @Tomoko-hjf 报名赛题编号【8】错误：
2023-09-11 11:20:18,638 - utils.py[line:127] - INFO: 没有从issue内容中找到编号为【5】的赛题
2023-09-11 11:20:20,357 - utils.py[line:286] - INFO: Tomoko-hjf 报名赛题 [1]
2023-09-11 11:20:20,358 - utils.py[line:286] - INFO: Tomoko-hjf 报名赛题 [2, 3]
2023-09-11 11:20:20,358 - utils.py[line:286] - INFO: gouzil 报名赛题 [2]
2023-09-11 11:20:20,359 - utils.py[line:286] - INFO: Tomoko-hjf 报名赛题 [5]
2023-09-11 11:20:20,359 - utils.py[line:169] - ERROR: @Tomoko-hjf 报名赛题编号【5】错误：
2023-09-11 11:20:20,360 - utils.py[line:286] - INFO: Tomoko-hjf 报名赛题 [8]
2023-09-11 11:20:20,360 - utils.py[line:169] - ERROR: @Tomoko-hjf 报名赛题编号【8】错误：
2023-09-11 11:21:27,049 - utils.py[line:127] - INFO: 没有从issue内容中找到编号为【5】的赛题
2023-09-11 11:21:28,661 - utils.py[line:286] - INFO: Tomoko-hjf 报名赛题 [1]
2023-09-11 11:21:28,662 - utils.py[line:286] - INFO: Tomoko-hjf 报名赛题 [2, 3]
2023-09-11 11:21:28,662 - utils.py[line:286] - INFO: gouzil 报名赛题 [2]
2023-09-11 11:21:28,663 - utils.py[line:286] - INFO: Tomoko-hjf 报名赛题 [5]
2023-09-11 11:21:28,663 - utils.py[line:169] - ERROR: @Tomoko-hjf 报名赛题编号【5】错误：
2023-09-11 11:21:28,664 - utils.py[line:286] - INFO: Tomoko-hjf 报名赛题 [8]
2023-09-11 11:21:28,664 - utils.py[line:169] - ERROR: @Tomoko-hjf 报名赛题编号【8】错误：
2023-09-11 11:22:34,523 - utils.py[line:127] - INFO: 没有从issue内容中找到编号为【5】的赛题
2023-09-11 11:22:36,092 - utils.py[line:286] - INFO: Tomoko-hjf 报名赛题 [1]
2023-09-11 11:22:36,093 - utils.py[line:286] - INFO: Tomoko-hjf 报名赛题 [2, 3]
2023-09-11 11:22:36,093 - utils.py[line:286] - INFO: gouzil 报名赛题 [2]
2023-09-11 11:22:36,093 - utils.py[line:286] - INFO: Tomoko-hjf 报名赛题 [5]
2023-09-11 11:22:36,094 - utils.py[line:169] - ERROR: @Tomoko-hjf 报名赛题编号【5】错误：
2023-09-11 11:22:36,094 - utils.py[line:286] - INFO: Tomoko-hjf 报名赛题 [8]
2023-09-11 11:22:36,095 - utils.py[line:169] - ERROR: @Tomoko-hjf 报名赛题编号【8】错误：
2023-09-11 11:23:41,804 - utils.py[line:127] - INFO: 没有从issue内容中找到编号为【5】的赛题
2023-09-11 11:23:43,459 - utils.py[line:286] - INFO: Tomoko-hjf 报名赛题 [1]
2023-09-11 11:23:43,460 - utils.py[line:286] - INFO: Tomoko-hjf 报名赛题 [2, 3]
2023-09-11 11:23:43,460 - utils.py[line:286] - INFO: gouzil 报名赛题 [2]
2023-09-11 11:23:43,461 - utils.py[line:286] - INFO: Tomoko-hjf 报名赛题 [5]
2023-09-11 11:23:43,461 - utils.py[line:169] - ERROR: @Tomoko-hjf 报名赛题编号【5】错误：
2023-09-11 11:23:43,462 - utils.py[line:286] - INFO: Tomoko-hjf 报名赛题 [8]
2023-09-11 11:23:43,462 - utils.py[line:169] - ERROR: @Tomoko-hjf 报名赛题编号【8】错误：
2023-09-11 11:24:51,374 - utils.py[line:127] - INFO: 没有从issue内容中找到编号为【5】的赛题
2023-09-11 11:24:53,340 - utils.py[line:286] - INFO: Tomoko-hjf 报名赛题 [1]
2023-09-11 11:24:53,341 - utils.py[line:286] - INFO: Tomoko-hjf 报名赛题 [2, 3]
2023-09-11 11:24:53,341 - utils.py[line:286] - INFO: gouzil 报名赛题 [2]
2023-09-11 11:24:53,342 - utils.py[line:286] - INFO: Tomoko-hjf 报名赛题 [5]
2023-09-11 11:24:53,342 - utils.py[line:169] - ERROR: @Tomoko-hjf 报名赛题编号【5】错误：
2023-09-11 11:24:53,343 - utils.py[line:286] - INFO: Tomoko-hjf 报名赛题 [8]
2023-09-11 11:24:53,343 - utils.py[line:169] - ERROR: @Tomoko-hjf 报名赛题编号【8】错误：
2023-09-11 11:25:59,278 - utils.py[line:127] - INFO: 没有从issue内容中找到编号为【5】的赛题
2023-09-11 11:26:01,006 - utils.py[line:286] - INFO: Tomoko-hjf 报名赛题 [1]
2023-09-11 11:26:01,008 - utils.py[line:286] - INFO: Tomoko-hjf 报名赛题 [2, 3]
2023-09-11 11:26:01,008 - utils.py[line:286] - INFO: gouzil 报名赛题 [2]
2023-09-11 11:26:01,009 - utils.py[line:286] - INFO: Tomoko-hjf 报名赛题 [5]
2023-09-11 11:26:01,009 - utils.py[line:169] - ERROR: @Tomoko-hjf 报名赛题编号【5】错误：
2023-09-11 11:26:01,010 - utils.py[line:286] - INFO: Tomoko-hjf 报名赛题 [8]
2023-09-11 11:26:01,010 - utils.py[line:169] - ERROR: @Tomoko-hjf 报名赛题编号【8】错误：
2023-09-11 11:27:10,573 - utils.py[line:127] - INFO: 没有从issue内容中找到编号为【5】的赛题
2023-09-11 11:27:12,187 - utils.py[line:286] - INFO: Tomoko-hjf 报名赛题 [1]
2023-09-11 11:27:12,188 - utils.py[line:286] - INFO: Tomoko-hjf 报名赛题 [2, 3]
2023-09-11 11:27:12,188 - utils.py[line:286] - INFO: gouzil 报名赛题 [2]
2023-09-11 11:27:12,189 - utils.py[line:286] - INFO: Tomoko-hjf 报名赛题 [5]
2023-09-11 11:27:12,189 - utils.py[line:169] - ERROR: @Tomoko-hjf 报名赛题编号【5】错误：
2023-09-11 11:27:12,190 - utils.py[line:286] - INFO: Tomoko-hjf 报名赛题 [8]
2023-09-11 11:27:12,190 - utils.py[line:169] - ERROR: @Tomoko-hjf 报名赛题编号【8】错误：
2023-09-11 11:28:18,935 - utils.py[line:127] - INFO: 没有从issue内容中找到编号为【5】的赛题
2023-09-11 11:28:20,870 - utils.py[line:286] - INFO: Tomoko-hjf 报名赛题 [1]
2023-09-11 11:28:20,871 - utils.py[line:286] - INFO: Tomoko-hjf 报名赛题 [2, 3]
2023-09-11 11:28:20,871 - utils.py[line:286] - INFO: gouzil 报名赛题 [2]
2023-09-11 11:28:20,871 - utils.py[line:286] - INFO: Tomoko-hjf 报名赛题 [5]
2023-09-11 11:28:20,872 - utils.py[line:169] - ERROR: @Tomoko-hjf 报名赛题编号【5】错误：
2023-09-11 11:28:20,872 - utils.py[line:286] - INFO: Tomoko-hjf 报名赛题 [8]
2023-09-11 11:28:20,872 - utils.py[line:169] - ERROR: @Tomoko-hjf 报名赛题编号【8】错误：
